<?xml version="1.0" encoding="UTF-8"?>
<testng-results skipped="0" failed="0" ignored="0" total="1" passed="1">
  <reporter-output>
  </reporter-output>
  <suite name="Default Suite" duration-ms="136003" started-at="2020-06-26T21:20:29Z" finished-at="2020-06-26T21:22:45Z">
    <groups>
    </groups>
    <test name="Mobile_Automation" duration-ms="136003" started-at="2020-06-26T21:20:29Z" finished-at="2020-06-26T21:22:45Z">
      <class name="co.sample.tests.LoginToAmazonSearchForItemAndAddToCart">
        <test-method status="PASS" signature="beforeSuite()[pri:0, instance:co.sample.tests.LoginToAmazonSearchForItemAndAddToCart@6a024a67]" name="beforeSuite" is-config="true" duration-ms="5051" started-at="2020-05-08T11:40:24Z" finished-at="2020-05-08T11:40:29Z">
          <reporter-output>
          </reporter-output>
        </test-method> <!-- beforeSuite -->
        <test-method status="PASS" signature="beforeClass()[pri:0, instance:co.sample.tests.LoginToAmazonSearchForItemAndAddToCart@6a024a67]" name="beforeClass" is-config="true" duration-ms="71729" started-at="2020-05-08T11:40:29Z" finished-at="2020-05-08T11:41:41Z">
          <reporter-output>
          </reporter-output>
        </test-method> <!-- beforeClass -->
        <test-method status="PASS" signature="verifyUserAbleToStreamContentsOnline()[pri:0, instance:co.sample.tests.LoginToAmazonSearchForItemAndAddToCart@6a024a67]" name="verifyUserAbleToStreamContentsOnline" duration-ms="63522" started-at="2020-05-08T11:41:41Z" description="Login to amazon mobile application and search for an item and add to cart and purchase it " finished-at="2020-05-08T11:42:45Z">
          <reporter-output>
          </reporter-output>
        </test-method> <!-- verifyUserAbleToStreamContentsOnline -->
        <test-method status="PASS" signature="afterClass()[pri:0, instance:co.sample.tests.LoginToAmazonSearchForItemAndAddToCart@6a024a67]" name="afterClass" is-config="true" duration-ms="731" started-at="2020-05-08T11:42:45Z" finished-at="2020-05-08T11:42:45Z">
          <reporter-output>
          </reporter-output>
        </test-method> <!-- afterClass -->
        <test-method status="PASS" signature="afterSuite()[pri:0, instance:co.sample.tests.LoginToAmazonSearchForItemAndAddToCart@6a024a67]" name="afterSuite" is-config="true" duration-ms="52" started-at="2020-05-08T11:42:45Z" finished-at="2020-05-08T11:42:45Z">
          <reporter-output>
          </reporter-output>
        </test-method> <!-- afterSuite -->
      </class> <!-- co.sample.tests.LoginToAmazonSearchForItemAndAddToCart -->
    </test> <!-- Mobile_Automation -->
  </suite> <!-- Default Suite -->
</testng-results>
